<?xml version="1.0" encoding="UTF-8"?>
<!-- Generated by org.testng.reporters.JUnitXMLReporter -->
<testsuite ignored="0" hostname="Sarika" failures="0" tests="2" name="Test-runner-firefox" time="17.79" errors="0" timestamp="2025-06-13T07:49:45 IST">
  <testcase classname="TestNG.AddProductToCartTest" name="Tc_001_AddProductToCartTest" time="0.986"/>
  <testcase classname="genericUtilities.BaseClass" name="sample" time="0.003"/>
</testsuite> <!-- Test-runner-firefox -->
