<?xml version="1.0" encoding="UTF-8"?>
<!-- Generated by org.testng.reporters.JUnitXMLReporter -->
<testsuite ignored="0" hostname="Sarika" failures="0" tests="2" name="Test-Runner-1" time="19.067" errors="0" timestamp="2025-06-12T08:49:40 IST">
  <testcase classname="TestNG.AddProductToCartTest" name="Tc_001_AddProductToCartTest" time="2.197"/>
  <testcase classname="genericUtilities.BaseClass" name="sample" time="0.003"/>
</testsuite> <!-- Test-Runner-1 -->
