<?xml version="1.0" encoding="UTF-8"?>
<!-- Generated by org.testng.reporters.JUnitReportReporter -->
<testsuite hostname="Sarika" failures="0" tests="2" name="TestNG.AddProductToCartTest" time="4.665" errors="0" timestamp="2025-06-16T15:52:16 IST" skipped="0">
  <testcase classname="TestNG.AddProductToCartTest" name="Tc_001_AddProductToCartTest" time="1.988"/>
  <testcase classname="TestNG.AddProductToCartTest" name="sample" time="2.677"/>
</testsuite> <!-- TestNG.AddProductToCartTest -->
